<?xml version="1.0" encoding="UTF-8"?>
<!-- Generated by org.testng.reporters.JUnitXMLReporter -->
<testsuite ignored="0" hostname="MUM01L00506" failures="1" tests="2" name="APITest" time="4.523" errors="0" timestamp="2023-09-10T20:02:08 IST">
  <testcase classname="test.ChatTest" name="VerifyEmpolyeeDetailsTest" time="3.29">
    <failure type="java.lang.AssertionError" message="expected:&amp;lt;false&amp;gt; but was:&amp;lt;true&amp;gt;">
      <![CDATA[java.lang.AssertionError: expected:<false> but was:<true>
at org.junit.Assert.fail(Assert.java:74)
at org.junit.Assert.failNotEquals(Assert.java:448)
at org.junit.Assert.assertEquals(Assert.java:102)
at org.junit.Assert.assertEquals(Assert.java:117)
at test.ChatTest.VerifyEmpolyeeDetailsTest(ChatTest.java:31)
at java.base/java.util.ArrayList.forEach(ArrayList.java:1541)
... Removed 27 stack frames]]>
    </failure>
  </testcase> <!-- VerifyEmpolyeeDetailsTest -->
  <testcase classname="test.ChatTest" name="CreateEmployeeTest" time="1.135"/>
</testsuite> <!-- APITest -->
